c:\users\crisb\onedrive\documents\wgu\please work\x64\debug\vc142.pdb
c:\users\crisb\onedrive\documents\wgu\please work\x64\debug\vc142.idb
c:\users\crisb\onedrive\documents\wgu\please work\x64\debug\student.obj
c:\users\crisb\onedrive\documents\wgu\please work\x64\debug\softwarestudent.obj
c:\users\crisb\onedrive\documents\wgu\please work\x64\debug\securitystudent.obj
c:\users\crisb\onedrive\documents\wgu\please work\x64\debug\roster.obj
c:\users\crisb\onedrive\documents\wgu\please work\x64\debug\networkstudent.obj
c:\users\crisb\onedrive\documents\wgu\c867 class program\x64\debug\vc142.pdb
c:\users\crisb\onedrive\documents\wgu\c867 class program\x64\debug\vc142.idb
c:\users\crisb\onedrive\documents\wgu\c867 class program\x64\debug\student.obj
c:\users\crisb\onedrive\documents\wgu\c867 class program\x64\debug\softwarestudent.obj
c:\users\crisb\onedrive\documents\wgu\c867 class program\x64\debug\securitystudent.obj
c:\users\crisb\onedrive\documents\wgu\c867 class program\x64\debug\roster.obj
c:\users\crisb\onedrive\documents\wgu\c867 class program\x64\debug\networkstudent.obj
c:\users\crisb\onedrive\documents\wgu\please work\x64\debug\student roster.ilk
c:\users\crisb\onedrive\documents\wgu\please work\x64\debug\student roster.exe
c:\users\crisb\onedrive\documents\wgu\please work\x64\debug\student roster.pdb
c:\users\crisb\onedrive\documents\wgu\c867 class program\x64\debug\student roster.exe
c:\users\crisb\onedrive\documents\wgu\c867 class program\x64\debug\student roster.ilk
c:\users\crisb\onedrive\documents\wgu\c867 class program\x64\debug\student roster.pdb
c:\users\crisb\onedrive\documents\wgu\c867 class program\x64\debug\student roster.tlog\cl.command.1.tlog
c:\users\crisb\onedrive\documents\wgu\c867 class program\x64\debug\student roster.tlog\cl.read.1.tlog
c:\users\crisb\onedrive\documents\wgu\c867 class program\x64\debug\student roster.tlog\cl.write.1.tlog
c:\users\crisb\onedrive\documents\wgu\c867 class program\x64\debug\student roster.tlog\link.command.1.tlog
c:\users\crisb\onedrive\documents\wgu\c867 class program\x64\debug\student roster.tlog\link.read.1.tlog
c:\users\crisb\onedrive\documents\wgu\c867 class program\x64\debug\student roster.tlog\link.write.1.tlog
